Arguments: 
  /Users/franciscopereira/.nvm/versions/node/v20.0.0/bin/node /opt/homebrew/bin/yarn upgrade @capitalise/service-entities,@capitalise/service-ledger-snapshot,@capitalise/service-membership-levels,@capitalise/service-profile-container@latest

PATH: 
  /Users/franciscopereira/sdk/go1.20.1/bin:/usr/local/Cellar/php@7.4/7.4.15_1/bin:/usr/local/opt/php@7.4/sbin:/usr/local/opt/php@7.4/bin:/Users/franciscopereira/.nvm/versions/node/v20.0.0/bin:/Users/franciscopereira/opt/anaconda3/bin:/Users/franciscopereira/opt/anaconda3/condabin:/opt/homebrew/bin:/opt/homebrew/sbin:/usr/local/bin:/System/Cryptexes/App/usr/bin:/usr/bin:/bin:/usr/sbin:/sbin:/Library/Apple/usr/bin:/Users/franciscopereira/Desktop/PET/sdk-auto-update/node_modules/.bin:/Users/franciscopereira/Library/Application Support/JetBrains/Toolbox/scripts:/Users/franciscopereira/Desktop/capitalise

Yarn version: 
  1.22.19

Node version: 
  20.0.0

Platform: 
  darwin arm64

Trace: 
  Error: https://pkgs.dev.azure.com/capitalisers/Capitalise/_packaging/capitalise/npm/registry/@capitalise%2fservice-entities,: The package '@capitalise/service-entities,' was not found in feed 'capitalise'
      at params.callback [as _callback] (/opt/homebrew/lib/node_modules/yarn/lib/cli.js:66145:18)
      at self.callback (/opt/homebrew/lib/node_modules/yarn/lib/cli.js:140890:22)
      at Request.emit (node:events:511:28)
      at Request.<anonymous> (/opt/homebrew/lib/node_modules/yarn/lib/cli.js:141862:10)
      at Request.emit (node:events:511:28)
      at IncomingMessage.<anonymous> (/opt/homebrew/lib/node_modules/yarn/lib/cli.js:141784:12)
      at Object.onceWrapper (node:events:625:28)
      at IncomingMessage.emit (node:events:523:35)
      at endReadableNT (node:internal/streams/readable:1367:12)
      at process.processTicksAndRejections (node:internal/process/task_queues:82:21)

npm manifest: 
  {
    "name": "sdk-auto-update",
    "version": "1.0.2",
    "main": "index.js",
    "repository": "git@github.com:jumpman30/sdk-auto-update.git",
    "author": "Francisco Pereira <1200922@isep.ipp.pt>",
    "license": "MIT",
    "bin": {
      "sdk-auto-update": "./index.js"
    },
    "scripts": {
      "start": "node index.js"
    },
    "dependencies": {
      "@capitalise/service-entities": "1.4.5",
      "@capitalise/service-ledger-snapshot": "1.0.19",
      "@capitalise/service-membership-levels": "1.0.5",
      "@capitalise/service-profile-container": "2.6.3"
    }
  }

yarn manifest: 
  No manifest

Lockfile: 
  # THIS IS AN AUTOGENERATED FILE. DO NOT EDIT THIS FILE DIRECTLY.
  # yarn lockfile v1
  
  
  "@capitalise/service-entities@1.4.5":
    version "1.4.5"
    resolved "https://pkgs.dev.azure.com/capitalisers/Capitalise/_packaging/capitalise/npm/registry/@capitalise/service-entities/-/service-entities-1.4.5.tgz#10c1a8d111ea76d719599d42dfa8c944f4f8c330"
    integrity sha1-EMGo0RHqdtcZWZ1C36jJRPT4wzA=
    dependencies:
      axios "^0.26.1"
  
  "@capitalise/service-ledger-snapshot@1.0.19":
    version "1.0.19"
    resolved "https://pkgs.dev.azure.com/capitalisers/Capitalise/_packaging/capitalise/npm/registry/@capitalise/service-ledger-snapshot/-/service-ledger-snapshot-1.0.19.tgz#9a10082577a8e49b6bc03185414c2025fb622e16"
    integrity sha1-mhAIJXeo5JtrwDGFQUwgJftiLhY=
    dependencies:
      axios "^0.27.2"
  
  "@capitalise/service-membership-levels@1.0.5":
    version "1.0.5"
    resolved "https://pkgs.dev.azure.com/capitalisers/Capitalise/_packaging/capitalise/npm/registry/@capitalise/service-membership-levels/-/service-membership-levels-1.0.5.tgz#ce587c5145d93a889e19e30ad687199317737582"
    integrity sha1-zlh8UUXZOoieGeMK1ocZkxdzdYI=
    dependencies:
      axios "^0.27.2"
  
  "@capitalise/service-profile-container@2.6.3":
    version "2.6.3"
    resolved "https://pkgs.dev.azure.com/capitalisers/Capitalise/_packaging/capitalise/npm/registry/@capitalise/service-profile-container/-/service-profile-container-2.6.3.tgz#37403d8c95496bfa76378a3d1340bc0827614071"
    integrity sha1-N0A9jJVJa/p2N4o9E0C8CCdhQHE=
    dependencies:
      axios "^0.27.2"
  
  asynckit@^0.4.0:
    version "0.4.0"
    resolved "https://registry.yarnpkg.com/asynckit/-/asynckit-0.4.0.tgz#c79ed97f7f34cb8f2ba1bc9790bcc366474b4b79"
    integrity sha512-Oei9OH4tRh0YqU3GxhX79dM/mwVgvbZJaSNaRk+bshkj0S5cfHcgYakreBjrHwatXKbz+IoIdYLxrKim2MjW0Q==
  
  axios@^0.26.1:
    version "0.26.1"
    resolved "https://registry.yarnpkg.com/axios/-/axios-0.26.1.tgz#1ede41c51fcf51bbbd6fd43669caaa4f0495aaa9"
    integrity sha512-fPwcX4EvnSHuInCMItEhAGnaSEXRBjtzh9fOtsE6E1G6p7vl7edEeZe11QHf18+6+9gR5PbKV/sGKNaD8YaMeA==
    dependencies:
      follow-redirects "^1.14.8"
  
  axios@^0.27.2:
    version "0.27.2"
    resolved "https://registry.yarnpkg.com/axios/-/axios-0.27.2.tgz#207658cc8621606e586c85db4b41a750e756d972"
    integrity sha512-t+yRIyySRTp/wua5xEr+z1q60QmLq8ABsS5O9Me1AsE5dfKqgnCFzwiCZZ/cGNd1lq4/7akDWMxdhVlucjmnOQ==
    dependencies:
      follow-redirects "^1.14.9"
      form-data "^4.0.0"
  
  combined-stream@^1.0.8:
    version "1.0.8"
    resolved "https://registry.yarnpkg.com/combined-stream/-/combined-stream-1.0.8.tgz#c3d45a8b34fd730631a110a8a2520682b31d5a7f"
    integrity sha512-FQN4MRfuJeHf7cBbBMJFXhKSDq+2kAArBlmRBvcvFE5BB1HZKXtSFASDhdlz9zOYwxh8lDdnvmMOe/+5cdoEdg==
    dependencies:
      delayed-stream "~1.0.0"
  
  delayed-stream@~1.0.0:
    version "1.0.0"
    resolved "https://registry.yarnpkg.com/delayed-stream/-/delayed-stream-1.0.0.tgz#df3ae199acadfb7d440aaae0b29e2272b24ec619"
    integrity sha512-ZySD7Nf91aLB0RxL4KGrKHBXl7Eds1DAmEdcoVawXnLD7SDhpNgtuII2aAkg7a7QS41jxPSZ17p4VdGnMHk3MQ==
  
  follow-redirects@^1.14.8, follow-redirects@^1.14.9:
    version "1.15.2"
    resolved "https://registry.yarnpkg.com/follow-redirects/-/follow-redirects-1.15.2.tgz#b460864144ba63f2681096f274c4e57026da2c13"
    integrity sha512-VQLG33o04KaQ8uYi2tVNbdrWp1QWxNNea+nmIB4EVM28v0hmP17z7aG1+wAkNzVq4KeXTq3221ye5qTJP91JwA==
  
  form-data@^4.0.0:
    version "4.0.0"
    resolved "https://registry.yarnpkg.com/form-data/-/form-data-4.0.0.tgz#93919daeaf361ee529584b9b31664dc12c9fa452"
    integrity sha512-ETEklSGi5t0QMZuiXoA/Q6vcnxcLQP5vdugSpuAyi6SVGi2clPPp+xgEhuMaHC+zGgn31Kd235W35f7Hykkaww==
    dependencies:
      asynckit "^0.4.0"
      combined-stream "^1.0.8"
      mime-types "^2.1.12"
  
  mime-db@1.52.0:
    version "1.52.0"
    resolved "https://registry.yarnpkg.com/mime-db/-/mime-db-1.52.0.tgz#bbabcdc02859f4987301c856e3387ce5ec43bf70"
    integrity sha512-sPU4uV7dYlvtWJxwwxHD0PuihVNiE7TyAbQ5SWxDCB9mUYvOgroQOwYQQOKPJ8CIbE+1ETVlOoK1UC2nU3gYvg==
  
  mime-types@^2.1.12:
    version "2.1.35"
    resolved "https://registry.yarnpkg.com/mime-types/-/mime-types-2.1.35.tgz#381a871b62a734450660ae3deee44813f70d959a"
    integrity sha512-ZDY+bPm5zTTF+YpCrAU9nK0UgICYPT0QtT1NZWFv4s++TNkcgVaT0g6+4R2uI4MjQjzysHB1zxuWL50hzaeXiw==
    dependencies:
      mime-db "1.52.0"
